<?xml version="1.0" encoding="UTF-8"?>
<!-- Generated by org.testng.reporters.JUnitXMLReporter -->
<testsuite hostname="MININT-7U4V23F" name="Test" tests="2" failures="2" timestamp="26 Oct 2018 13:55:12 GMT" time="91.616" errors="0">
  <testcase name="testCase_01" time="16.976" classname="SurveyPage_Tests.SampleTestCases">
    <failure type="java.lang.IllegalStateException" message="Cannot get a STRING value from a NUMERIC cell">
      <![CDATA[java.lang.IllegalStateException: Cannot get a STRING value from a NUMERIC cell
	at org.apache.poi.xssf.usermodel.XSSFCell.typeMismatch(XSSFCell.java:1062)
	at org.apache.poi.xssf.usermodel.XSSFCell.getRichStringCellValue(XSSFCell.java:395)
	at org.apache.poi.xssf.usermodel.XSSFCell.getStringCellValue(XSSFCell.java:347)
	at utilityLibrary.ExcelOperations.readExcel(ExcelOperations.java:155)
	at utilityLibrary.Helper.getData(Helper.java:109)
	at SurveyPage_Tests.SampleTestCases.testCase_01(SampleTestCases.java:62)
... Removed 24 stack frames]]>
    </failure>
  </testcase> <!-- testCase_01 -->
  <testcase name="testCase_02" time="16.194" classname="SurveyPage_Tests.SampleTestCases">
    <failure type="java.lang.NullPointerException">
      <![CDATA[java.lang.NullPointerException
	at SurveyPage_Tests.SampleTestCases.testCase_02(SampleTestCases.java:89)
... Removed 24 stack frames]]>
    </failure>
  </testcase> <!-- testCase_02 -->
</testsuite> <!-- Test -->
